2024-10-09T17:48:05.832 INFO place_order: new long position at -0.0040566803049488466
2024-10-09T17:48:05.832 INFO place_order: deque([-0.0040566803049488466])
2024-10-09T17:48:06.154 INFO buy: Bought 289.0 of PERP_ARB_USDT @ 0.5335
2024-10-09T17:48:06.441 INFO buy: Bought 41.0 of PERP_FTM_USDT @ 0.681
2024-10-09T17:48:06.740 INFO sell: Sold 7.0 of PERP_AVAX_USDT @ 26.092000000000002
2024-10-09T17:58:19.904 INFO place_order: new long position at -0.005577323313012718
2024-10-09T17:58:19.906 INFO place_order: deque([-0.005577323313012718, -0.0040566803049488466])
2024-10-09T17:58:20.207 INFO buy: Bought 289.0 of PERP_ARB_USDT @ 0.5335
2024-10-09T17:58:20.549 INFO buy: Bought 41.0 of PERP_FTM_USDT @ 0.6802
2024-10-09T17:58:20.898 INFO sell: Sold 7.0 of PERP_AVAX_USDT @ 26.127
2024-10-09T18:15:46.503 INFO place_order: new long position at -0.0070777144531694825
2024-10-09T18:15:46.505 INFO place_order: deque([-0.0070777144531694825, -0.005577323313012718, -0.0040566803049488466])
2024-10-09T18:15:46.815 INFO buy: Bought 289.0 of PERP_ARB_USDT @ 0.5291
2024-10-09T18:15:47.080 INFO buy: Bought 41.0 of PERP_FTM_USDT @ 0.6791
2024-10-09T18:15:47.432 INFO sell: Sold 7.0 of PERP_AVAX_USDT @ 25.977
2024-10-09T18:16:57.199 INFO place_order: new long position at -0.008674536209811925
2024-10-09T18:16:57.199 INFO place_order: deque([-0.008674536209811925, -0.0070777144531694825, -0.005577323313012718, -0.0040566803049488466])
2024-10-09T18:16:57.507 INFO buy: Bought 289.0 of PERP_ARB_USDT @ 0.5284
2024-10-09T18:16:57.806 INFO buy: Bought 41.0 of PERP_FTM_USDT @ 0.677
2024-10-09T18:16:58.109 INFO sell: Sold 7.0 of PERP_AVAX_USDT @ 25.977
2024-10-09T18:19:52.507 INFO place_order: new long position at -0.010196671738376763
2024-10-09T18:19:52.509 INFO place_order: deque([-0.010196671738376763, -0.008674536209811925, -0.0070777144531694825, -0.005577323313012718, -0.0040566803049488466])
2024-10-09T18:19:52.844 INFO buy: Bought 289.0 of PERP_ARB_USDT @ 0.5274
2024-10-09T18:19:53.189 INFO buy: Bought 41.0 of PERP_FTM_USDT @ 0.6782
2024-10-09T18:19:53.496 INFO sell: Sold 7.0 of PERP_AVAX_USDT @ 25.982
2024-10-09T18:21:28.595 INFO place_order: new long position at -0.011696915605593019
2024-10-09T18:21:28.597 INFO place_order: deque([-0.011696915605593019, -0.010196671738376763, -0.008674536209811925, -0.0070777144531694825, -0.005577323313012718, -0.0040566803049488466])
2024-10-09T18:21:28.947 INFO buy: Bought 289.0 of PERP_ARB_USDT @ 0.5288
2024-10-09T18:21:29.298 INFO buy: Bought 41.0 of PERP_FTM_USDT @ 0.681
2024-10-09T18:21:29.665 INFO sell: Sold 7.0 of PERP_AVAX_USDT @ 26.096
2024-10-09T18:22:00.464 INFO place_order: new long position at -0.013234397564638036
2024-10-09T18:22:00.464 INFO place_order: deque([-0.013234397564638036, -0.011696915605593019, -0.010196671738376763, -0.008674536209811925, -0.0070777144531694825, -0.005577323313012718, -0.0040566803049488466])
2024-10-09T18:22:00.810 INFO buy: Bought 289.0 of PERP_ARB_USDT @ 0.5282
2024-10-09T18:22:01.162 INFO buy: Bought 41.0 of PERP_FTM_USDT @ 0.6793
2024-10-09T18:22:01.432 INFO sell: Sold 7.0 of PERP_AVAX_USDT @ 26.101
2024-10-09T18:25:09.370 INFO place_order: new long position at -0.01475099773527441
2024-10-09T18:25:09.371 INFO place_order: deque([-0.01475099773527441, -0.013234397564638036, -0.011696915605593019, -0.010196671738376763, -0.008674536209811925, -0.0070777144531694825, -0.005577323313012718, -0.0040566803049488466])
2024-10-09T18:25:09.720 INFO buy: Bought 289.0 of PERP_ARB_USDT @ 0.5292
2024-10-09T18:25:10.007 INFO buy: Bought 41.0 of PERP_FTM_USDT @ 0.6804
2024-10-09T18:25:10.331 INFO sell: Sold 7.0 of PERP_AVAX_USDT @ 26.189
2024-10-09T18:25:43.539 INFO place_order: new long position at -0.0162908049224095
2024-10-09T18:25:43.540 INFO place_order: deque([-0.0162908049224095, -0.01475099773527441, -0.013234397564638036, -0.011696915605593019, -0.010196671738376763, -0.008674536209811925, -0.0070777144531694825, -0.005577323313012718, -0.0040566803049488466])
2024-10-09T18:25:43.880 INFO buy: Bought 289.0 of PERP_ARB_USDT @ 0.529
2024-10-09T18:25:44.169 INFO buy: Bought 41.0 of PERP_FTM_USDT @ 0.6799
2024-10-09T18:25:44.492 INFO sell: Sold 7.0 of PERP_AVAX_USDT @ 26.218
2024-10-09T18:32:29.488 INFO place_order: new long position at -0.017816292088202536
2024-10-09T18:32:29.489 INFO place_order: deque([-0.017816292088202536, -0.0162908049224095, -0.01475099773527441, -0.013234397564638036, -0.011696915605593019, -0.010196671738376763, -0.008674536209811925, -0.0070777144531694825, -0.005577323313012718, -0.0040566803049488466])
2024-10-09T18:32:29.885 INFO buy: Bought 289.0 of PERP_ARB_USDT @ 0.5255
2024-10-09T18:32:30.234 INFO buy: Bought 41.0 of PERP_FTM_USDT @ 0.6819
2024-10-09T18:32:30.542 INFO sell: Sold 7.0 of PERP_AVAX_USDT @ 26.123
2024-10-09T18:34:33.672 INFO place_order: new long position at -0.01936069042396246
2024-10-09T18:34:33.674 INFO place_order: deque([-0.01936069042396246, -0.017816292088202536, -0.0162908049224095, -0.01475099773527441, -0.013234397564638036, -0.011696915605593019, -0.010196671738376763, -0.008674536209811925, -0.0070777144531694825, -0.005577323313012718, -0.0040566803049488466])
2024-10-09T18:34:34.043 INFO buy: Bought 289.0 of PERP_ARB_USDT @ 0.5238
2024-10-09T18:34:34.392 INFO buy: Bought 41.0 of PERP_FTM_USDT @ 0.6789
2024-10-09T18:34:34.722 INFO sell: Sold 7.0 of PERP_AVAX_USDT @ 26.074
2024-10-09T18:38:29.880 INFO place_order: new long position at -0.020862397648651245
2024-10-09T18:38:29.881 INFO place_order: deque([-0.020862397648651245, -0.01936069042396246, -0.017816292088202536, -0.0162908049224095, -0.01475099773527441, -0.013234397564638036, -0.011696915605593019, -0.010196671738376763, -0.008674536209811925, -0.0070777144531694825, -0.005577323313012718, -0.0040566803049488466])
2024-10-09T18:38:30.232 INFO buy: Bought 289.0 of PERP_ARB_USDT @ 0.5245
2024-10-09T18:38:30.586 INFO buy: Bought 41.0 of PERP_FTM_USDT @ 0.6813
2024-10-09T18:38:30.954 INFO sell: Sold 7.0 of PERP_AVAX_USDT @ 26.157
2024-10-09T18:50:48.794 INFO place_order: new long position at -0.022491204431316105
2024-10-09T18:50:48.795 INFO place_order: deque([-0.022491204431316105, -0.020862397648651245, -0.01936069042396246, -0.017816292088202536, -0.0162908049224095, -0.01475099773527441, -0.013234397564638036, -0.011696915605593019, -0.010196671738376763, -0.008674536209811925, -0.0070777144531694825, -0.005577323313012718, -0.0040566803049488466])
2024-10-09T18:50:49.176 INFO buy: Bought 289.0 of PERP_ARB_USDT @ 0.524
2024-10-09T18:50:49.541 INFO buy: Bought 41.0 of PERP_FTM_USDT @ 0.6782
2024-10-09T18:50:49.854 INFO sell: Sold 7.0 of PERP_AVAX_USDT @ 26.16
2024-10-09T19:09:39.299 INFO place_order: new long position at -0.024107112358932894
2024-10-09T19:09:39.300 INFO place_order: deque([-0.024107112358932894, -0.022491204431316105, -0.020862397648651245, -0.01936069042396246, -0.017816292088202536, -0.0162908049224095, -0.01475099773527441, -0.013234397564638036, -0.011696915605593019, -0.010196671738376763, -0.008674536209811925, -0.0070777144531694825, -0.005577323313012718, -0.0040566803049488466])
2024-10-09T19:09:39.636 INFO buy: Bought 289.0 of PERP_ARB_USDT @ 0.5244
2024-10-09T19:09:40.010 INFO buy: Bought 41.0 of PERP_FTM_USDT @ 0.679
2024-10-09T19:09:40.362 INFO sell: Sold 7.0 of PERP_AVAX_USDT @ 26.224
2024-10-09T19:28:04.490 INFO place_order: Stop profit #9, low long at -0.024107112358932894, stop at -0.019092187708554333
2024-10-09T19:28:04.491 INFO place_order: deque([-0.022491204431316105, -0.020862397648651245, -0.01936069042396246, -0.017816292088202536, -0.0162908049224095, -0.01475099773527441, -0.013234397564638036, -0.011696915605593019, -0.010196671738376763, -0.008674536209811925, -0.0070777144531694825, -0.005577323313012718, -0.0040566803049488466])
2024-10-09T19:28:04.806 INFO sell: Sold 289.0 of PERP_ARB_USDT @ 0.5238
2024-10-09T19:28:05.193 INFO sell: Sold 41.0 of PERP_FTM_USDT @ 0.6789
2024-10-09T19:28:05.529 INFO buy: Bought 7.0 of PERP_AVAX_USDT @ 26.067
2024-10-09T19:30:34.048 INFO place_order: Stop profit #10, low long at -0.022491204431316105, stop at -0.01747742370720592
2024-10-09T19:30:34.050 INFO place_order: deque([-0.020862397648651245, -0.01936069042396246, -0.017816292088202536, -0.0162908049224095, -0.01475099773527441, -0.013234397564638036, -0.011696915605593019, -0.010196671738376763, -0.008674536209811925, -0.0070777144531694825, -0.005577323313012718, -0.0040566803049488466])
2024-10-09T19:30:34.351 INFO sell: Sold 289.0 of PERP_ARB_USDT @ 0.524
2024-10-09T19:30:34.731 INFO sell: Sold 41.0 of PERP_FTM_USDT @ 0.6775
2024-10-09T19:30:35.113 INFO buy: Bought 7.0 of PERP_AVAX_USDT @ 26.025
2024-10-09T20:10:40.588 INFO place_order: new long position at -0.022497014289642982
2024-10-09T20:10:40.590 INFO place_order: deque([-0.022497014289642982, -0.020862397648651245, -0.01936069042396246, -0.017816292088202536, -0.0162908049224095, -0.01475099773527441, -0.013234397564638036, -0.011696915605593019, -0.010196671738376763, -0.008674536209811925, -0.0070777144531694825, -0.005577323313012718, -0.0040566803049488466])
2024-10-09T20:10:40.892 INFO buy: Bought 289.0 of PERP_ARB_USDT @ 0.5248
2024-10-09T20:10:41.224 INFO buy: Bought 41.0 of PERP_FTM_USDT @ 0.6717
2024-10-09T20:10:41.585 INFO sell: Sold 7.0 of PERP_AVAX_USDT @ 26.155
2024-10-09T20:52:00.746 INFO place_order: new long position at -0.024021729255008863
2024-10-09T20:52:00.747 INFO place_order: deque([-0.024021729255008863, -0.022497014289642982, -0.020862397648651245, -0.01936069042396246, -0.017816292088202536, -0.0162908049224095, -0.01475099773527441, -0.013234397564638036, -0.011696915605593019, -0.010196671738376763, -0.008674536209811925, -0.0070777144531694825, -0.005577323313012718, -0.0040566803049488466])
2024-10-09T20:52:01.069 INFO buy: Bought 289.0 of PERP_ARB_USDT @ 0.5176
2024-10-09T20:52:01.405 INFO buy: Bought 41.0 of PERP_FTM_USDT @ 0.6654
2024-10-09T20:52:01.734 INFO sell: Sold 7.0 of PERP_AVAX_USDT @ 25.853
2024-10-09T21:21:00.909 INFO place_order: Stop profit #11, low long at -0.024021729255008863, stop at -0.01896035197763465
2024-10-09T21:21:00.910 INFO place_order: deque([-0.022497014289642982, -0.020862397648651245, -0.01936069042396246, -0.017816292088202536, -0.0162908049224095, -0.01475099773527441, -0.013234397564638036, -0.011696915605593019, -0.010196671738376763, -0.008674536209811925, -0.0070777144531694825, -0.005577323313012718, -0.0040566803049488466])
2024-10-09T21:21:01.238 INFO sell: Sold 289.0 of PERP_ARB_USDT @ 0.5202
2024-10-09T21:21:01.577 INFO sell: Sold 41.0 of PERP_FTM_USDT @ 0.675
2024-10-09T21:21:01.939 INFO buy: Bought 7.0 of PERP_AVAX_USDT @ 25.889
2024-10-09T21:42:53.313 INFO place_order: Stop profit #12, low long at -0.022497014289642982, stop at -0.01742146483346493
2024-10-09T21:42:53.315 INFO place_order: deque([-0.020862397648651245, -0.01936069042396246, -0.017816292088202536, -0.0162908049224095, -0.01475099773527441, -0.013234397564638036, -0.011696915605593019, -0.010196671738376763, -0.008674536209811925, -0.0070777144531694825, -0.005577323313012718, -0.0040566803049488466])
2024-10-09T21:42:53.659 INFO sell: Sold 289.0 of PERP_ARB_USDT @ 0.521
2024-10-09T21:42:54.036 INFO sell: Sold 41.0 of PERP_FTM_USDT @ 0.6742
2024-10-09T21:42:54.345 INFO buy: Bought 7.0 of PERP_AVAX_USDT @ 25.878000000000004
